[debug] [2019-02-16T20:18:18.188Z] ----------------------------------------------------------------------
[debug] [2019-02-16T20:18:18.191Z] Command:       /Users/Ever/.nvm/versions/node/v11.9.0/bin/node /Users/Ever/.nvm/versions/node/v11.9.0/bin/firebase serve --only functions
[debug] [2019-02-16T20:18:18.191Z] CLI Version:   6.3.1
[debug] [2019-02-16T20:18:18.191Z] Platform:      darwin
[debug] [2019-02-16T20:18:18.191Z] Node Version:  v11.9.0
[debug] [2019-02-16T20:18:18.192Z] Time:          Sat Feb 16 2019 17:18:18 GMT-0300 (GMT-03:00)
[debug] [2019-02-16T20:18:18.192Z] ----------------------------------------------------------------------
[debug] 
[debug] [2019-02-16T20:18:18.204Z] > command requires scopes: ["email","openid","https://www.googleapis.com/auth/cloudplatformprojects.readonly","https://www.googleapis.com/auth/firebase","https://www.googleapis.com/auth/cloud-platform"]
[debug] [2019-02-16T20:18:18.204Z] > authorizing via signed-in user
[debug] [2019-02-16T20:18:18.204Z] [iam] checking project hacker-news-ever for permissions ["firebase.projects.get"]
[debug] [2019-02-16T20:18:18.206Z] >>> HTTP REQUEST POST https://cloudresourcemanager.googleapis.com/v1/projects/hacker-news-ever:testIamPermissions  

[debug] [2019-02-16T20:18:19.380Z] <<< HTTP RESPONSE 200
[debug] [2019-02-16T20:18:19.383Z] >>> HTTP REQUEST GET https://cloudresourcemanager.googleapis.com/v1/projects/hacker-news-ever  
 
[debug] [2019-02-16T20:18:20.550Z] <<< HTTP RESPONSE 200
[info] 
[info] === Serving from '/Users/Ever/Desarrollo/Profaner/hacker-news'...
[info] 
[info] i  functions: Preparing to emulate functions.
[debug] [2019-02-16T20:18:20.995Z] Fetching environment
[debug] [2019-02-16T20:18:20.997Z] >>> HTTP REQUEST GET https://mobilesdk-pa.googleapis.com/v1/projects/166292716557:getServerAppConfig  
 
[debug] [2019-02-16T20:18:21.524Z] <<< HTTP RESPONSE 200
[debug] [2019-02-16T20:18:21.524Z] Starting @google-cloud/functions-emulator
[debug] [2019-02-16T20:18:23.091Z] Parsing function triggers
[info] ✔  functions: api: http://localhost:5000/hacker-news-ever/us-central1/api
